This is pdfTeX, Version 3.141592653-2.6-1.40.24 (MiKTeX 21.12) (preloaded format=pdflatex 2022.2.18)  7 MAR 2022 19:39
entering extended mode
 restricted \write18 enabled.
 %&-line parsing enabled.
**"C:/IIT MADRAS/COURSE/SECOND YEAR/4TH SEM/EE2703/A4/Assignment solution/Latex
/assignment4.tex"

(C:/IIT MADRAS/COURSE/SECOND YEAR/4TH SEM/EE2703/A4/Assignment solution/Latex/a
ssignment4.tex
LaTeX2e <2021-11-15> patch level 1
L3 programming layer <2021-11-22>
(C:\Users\91807\AppData\Local\Programs\MiKTeX\tex/latex/base\article.cls
Document Class: article 2021/10/04 v1.4n Standard LaTeX document class
(C:\Users\91807\AppData\Local\Programs\MiKTeX\tex/latex/base\size10.clo
File: size10.clo 2021/10/04 v1.4n Standard LaTeX file (size option)
)
\c@part=\count183
\c@section=\count184
\c@subsection=\count185
\c@subsubsection=\count186
\c@paragraph=\count187
\c@subparagraph=\count188
\c@figure=\count189
\c@table=\count190
\abovecaptionskip=\skip47
\belowcaptionskip=\skip48
\bibindent=\dimen138
)
(C:\Users\91807\AppData\Local\Programs\MiKTeX\tex/latex/graphics\graphicx.sty
Package: graphicx 2021/09/16 v1.2d Enhanced LaTeX Graphics (DPC,SPQR)

(C:\Users\91807\AppData\Local\Programs\MiKTeX\tex/latex/graphics\keyval.sty
Package: keyval 2014/10/28 v1.15 key=value parser (DPC)
\KV@toks@=\toks16
)
(C:\Users\91807\AppData\Local\Programs\MiKTeX\tex/latex/graphics\graphics.sty
Package: graphics 2021/03/04 v1.4d Standard LaTeX Graphics (DPC,SPQR)

(C:\Users\91807\AppData\Local\Programs\MiKTeX\tex/latex/graphics\trig.sty
Package: trig 2021/08/11 v1.11 sin cos tan (DPC)
)
(C:\Users\91807\AppData\Local\Programs\MiKTeX\tex/latex/graphics-cfg\graphics.c
fg
File: graphics.cfg 2016/06/04 v1.11 sample graphics configuration
)
Package graphics Info: Driver file: pdftex.def on input line 107.

(C:\Users\91807\AppData\Local\Programs\MiKTeX\tex/latex/graphics-def\pdftex.def
File: pdftex.def 2020/10/05 v1.2a Graphics/color driver for pdftex
))
\Gin@req@height=\dimen139
\Gin@req@width=\dimen140
) (C:\Users\91807\AppData\Local\Programs\MiKTeX\tex/latex/amsmath\amsmath.sty
Package: amsmath 2021/10/15 v2.17l AMS math features
\@mathmargin=\skip49
For additional information on amsmath, use the `?' option.
(C:\Users\91807\AppData\Local\Programs\MiKTeX\tex/latex/amsmath\amstext.sty
Package: amstext 2021/08/26 v2.01 AMS text

(C:\Users\91807\AppData\Local\Programs\MiKTeX\tex/latex/amsmath\amsgen.sty
File: amsgen.sty 1999/11/30 v2.0 generic functions
\@emptytoks=\toks17
\ex@=\dimen141
))
(C:\Users\91807\AppData\Local\Programs\MiKTeX\tex/latex/amsmath\amsbsy.sty
Package: amsbsy 1999/11/29 v1.2d Bold Symbols
\pmbraise@=\dimen142
)
(C:\Users\91807\AppData\Local\Programs\MiKTeX\tex/latex/amsmath\amsopn.sty
Package: amsopn 2021/08/26 v2.02 operator names
)
\inf@bad=\count191
LaTeX Info: Redefining \frac on input line 234.
\uproot@=\count192
\leftroot@=\count193
LaTeX Info: Redefining \overline on input line 399.
\classnum@=\count194
\DOTSCASE@=\count195
LaTeX Info: Redefining \ldots on input line 496.
LaTeX Info: Redefining \dots on input line 499.
LaTeX Info: Redefining \cdots on input line 620.
\Mathstrutbox@=\box50
\strutbox@=\box51
\big@size=\dimen143
LaTeX Font Info:    Redeclaring font encoding OML on input line 743.
LaTeX Font Info:    Redeclaring font encoding OMS on input line 744.
\macc@depth=\count196
\c@MaxMatrixCols=\count197
\dotsspace@=\muskip16
\c@parentequation=\count198
\dspbrk@lvl=\count199
\tag@help=\toks18
\row@=\count266
\column@=\count267
\maxfields@=\count268
\andhelp@=\toks19
\eqnshift@=\dimen144
\alignsep@=\dimen145
\tagshift@=\dimen146
\tagwidth@=\dimen147
\totwidth@=\dimen148
\lineht@=\dimen149
\@envbody=\toks20
\multlinegap=\skip50
\multlinetaggap=\skip51
\mathdisplay@stack=\toks21
LaTeX Info: Redefining \[ on input line 2938.
LaTeX Info: Redefining \] on input line 2939.
)
(C:\Users\91807\AppData\Local\Programs\MiKTeX\tex/latex/listings\listings.sty
\lst@mode=\count269
\lst@gtempboxa=\box52
\lst@token=\toks22
\lst@length=\count270
\lst@currlwidth=\dimen150
\lst@column=\count271
\lst@pos=\count272
\lst@lostspace=\dimen151
\lst@width=\dimen152
\lst@newlines=\count273
\lst@lineno=\count274
\lst@maxwidth=\dimen153

(C:\Users\91807\AppData\Local\Programs\MiKTeX\tex/latex/listings\lstmisc.sty
File: lstmisc.sty 2020/03/24 1.8d (Carsten Heinz)
\c@lstnumber=\count275
\lst@skipnumbers=\count276
\lst@framebox=\box53
)
(C:\Users\91807\AppData\Local\Programs\MiKTeX\tex/latex/listings\listings.cfg
File: listings.cfg 2020/03/24 1.8d listings configuration
))
Package: listings 2020/03/24 1.8d (Carsten Heinz)
(C:\Users\91807\AppData\Local\Programs\MiKTeX\tex/latex/url\url.sty
\Urlmuskip=\muskip17
Package: url 2013/09/16  ver 3.4  Verb mode for urls, etc.
)
(C:\Users\91807\AppData\Local\Programs\MiKTeX\tex/latex/geometry\geometry.sty
Package: geometry 2020/01/02 v5.9 Page Geometry

(C:\Users\91807\AppData\Local\Programs\MiKTeX\tex/generic/iftex\ifvtex.sty
Package: ifvtex 2019/10/25 v1.7 ifvtex legacy package. Use iftex instead.

(C:\Users\91807\AppData\Local\Programs\MiKTeX\tex/generic/iftex\iftex.sty
Package: iftex 2020/03/06 v1.0d TeX engine tests
))
\Gm@cnth=\count277
\Gm@cntv=\count278
\c@Gm@tempcnt=\count279
\Gm@bindingoffset=\dimen154
\Gm@wd@mp=\dimen155
\Gm@odd@mp=\dimen156
\Gm@even@mp=\dimen157
\Gm@layoutwidth=\dimen158
\Gm@layoutheight=\dimen159
\Gm@layouthoffset=\dimen160
\Gm@layoutvoffset=\dimen161
\Gm@dimlist=\toks23

(C:\Users\91807\AppData\Local\Programs\MiKTeX\tex/latex/geometry\geometry.cfg))

(C:\Users\91807\AppData\Local\Programs\MiKTeX\tex/latex/l3backend\l3backend-pdf
tex.def
File: l3backend-pdftex.def 2021-10-18 L3 backend support: PDF output (pdfTeX)
\l__color_backend_stack_int=\count280
\l__pdf_internal_box=\box54
)
(C:/IIT MADRAS/COURSE/SECOND YEAR/4TH SEM/EE2703/A4/Assignment solution/Latex\a
ssignment4.aux)
\openout1 = `assignment4.aux'.

LaTeX Font Info:    Checking defaults for OML/cmm/m/it on input line 8.
LaTeX Font Info:    ... okay on input line 8.
LaTeX Font Info:    Checking defaults for OMS/cmsy/m/n on input line 8.
LaTeX Font Info:    ... okay on input line 8.
LaTeX Font Info:    Checking defaults for OT1/cmr/m/n on input line 8.
LaTeX Font Info:    ... okay on input line 8.
LaTeX Font Info:    Checking defaults for T1/cmr/m/n on input line 8.
LaTeX Font Info:    ... okay on input line 8.
LaTeX Font Info:    Checking defaults for TS1/cmr/m/n on input line 8.
LaTeX Font Info:    ... okay on input line 8.
LaTeX Font Info:    Checking defaults for OMX/cmex/m/n on input line 8.
LaTeX Font Info:    ... okay on input line 8.
LaTeX Font Info:    Checking defaults for U/cmr/m/n on input line 8.
LaTeX Font Info:    ... okay on input line 8.

(C:\Users\91807\AppData\Local\Programs\MiKTeX\tex/context/base/mkii\supp-pdf.mk
ii
[Loading MPS to PDF converter (version 2006.09.02).]
\scratchcounter=\count281
\scratchdimen=\dimen162
\scratchbox=\box55
\nofMPsegments=\count282
\nofMParguments=\count283
\everyMPshowfont=\toks24
\MPscratchCnt=\count284
\MPscratchDim=\dimen163
\MPnumerator=\count285
\makeMPintoPDFobject=\count286
\everyMPtoPDFconversion=\toks25
)
(C:\Users\91807\AppData\Local\Programs\MiKTeX\tex/latex/epstopdf-pkg\epstopdf-b
ase.sty
Package: epstopdf-base 2020-01-24 v2.11 Base part for package epstopdf
Package epstopdf-base Info: Redefining graphics rule for `.eps' on input line 4
85.

(C:\Users\91807\AppData\Local\Programs\MiKTeX\tex/latex/00miktex\epstopdf-sys.c
fg
File: epstopdf-sys.cfg 2021/03/18 v2.0 Configuration of epstopdf for MiKTeX
))
\c@lstlisting=\count287

*geometry* driver: auto-detecting
*geometry* detected driver: pdftex
*geometry* verbose mode - [ preamble ] result:
* driver: pdftex
* paper: a4paper
* layout: <same size as paper>
* layoutoffset:(h,v)=(0.0pt,0.0pt)
* modes: 
* h-part:(L,W,R)=(56.9055pt, 450.97528pt, 89.62709pt)
* v-part:(T,H,B)=(0.0pt, 743.6402pt, 101.40665pt)
* \paperwidth=597.50787pt
* \paperheight=845.04684pt
* \textwidth=450.97528pt
* \textheight=743.6402pt
* \oddsidemargin=-15.36449pt
* \evensidemargin=-15.36449pt
* \topmargin=-109.26999pt
* \headheight=12.0pt
* \headsep=25.0pt
* \topskip=10.0pt
* \footskip=30.0pt
* \marginparwidth=57.0pt
* \marginparsep=11.0pt
* \columnsep=10.0pt
* \skip\footins=9.0pt plus 4.0pt minus 2.0pt
* \hoffset=0.0pt
* \voffset=0.0pt
* \mag=1000
* \@twocolumnfalse
* \@twosidefalse
* \@mparswitchfalse
* \@reversemarginfalse
* (1in=72.27pt=25.4mm, 1cm=28.453pt)

<1a.png, id=1, 462.528pt x 346.896pt>
File: 1a.png Graphic file (type png)
<use 1a.png>
Package pdftex.def Info: 1a.png  used on input line 20.
(pdftex.def)             Requested size: 405.875pt x 304.4225pt.
<1b.png, id=3, 462.528pt x 346.896pt>
File: 1b.png Graphic file (type png)
<use 1b.png>
Package pdftex.def Info: 1b.png  used on input line 22.
(pdftex.def)             Requested size: 405.875pt x 304.4225pt.
[1

{C:/Users/91807/AppData/Local/MiKTeX/fonts/map/pdftex/pdftex.map} <C:/IIT MADRA
S/COURSE/SECOND YEAR/4TH SEM/EE2703/A4/Assignment solution/Latex/1a.png>]
<3a1.png, id=15, 462.528pt x 346.896pt>
File: 3a1.png Graphic file (type png)
<use 3a1.png>
Package pdftex.def Info: 3a1.png  used on input line 30.
(pdftex.def)             Requested size: 405.875pt x 304.4225pt.
<3a2.png, id=16, 462.528pt x 346.896pt>
File: 3a2.png Graphic file (type png)
<use 3a2.png>
Package pdftex.def Info: 3a2.png  used on input line 32.
(pdftex.def)             Requested size: 405.875pt x 304.4225pt.

[2 <C:/IIT MADRAS/COURSE/SECOND YEAR/4TH SEM/EE2703/A4/Assignment solution/Late
x/1b.png> <C:/IIT MADRAS/COURSE/SECOND YEAR/4TH SEM/EE2703/A4/Assignment soluti
on/Latex/3a1.png>]
<3b1.png, id=22, 462.528pt x 346.896pt>
File: 3b1.png Graphic file (type png)
<use 3b1.png>
Package pdftex.def Info: 3b1.png  used on input line 34.
(pdftex.def)             Requested size: 405.875pt x 304.4225pt.
<3b2.png, id=23, 462.528pt x 346.896pt>
File: 3b2.png Graphic file (type png)
<use 3b2.png>
Package pdftex.def Info: 3b2.png  used on input line 36.
(pdftex.def)             Requested size: 405.875pt x 304.4225pt.
 [3 <C:/IIT MADRAS/COURSE/SECOND YEAR/4TH SEM/EE2703/A4/Assignment solution/Lat
ex/3a2.png> <C:/IIT MADRAS/COURSE/SECOND YEAR/4TH SEM/EE2703/A4/Assignment solu
tion/Latex/3b1.png>]
<5a1.png, id=29, 345.6915pt x 251.13824pt>
File: 5a1.png Graphic file (type png)
<use 5a1.png>
Package pdftex.def Info: 5a1.png  used on input line 47.
(pdftex.def)             Requested size: 405.875pt x 294.86139pt.
<5a2.png, id=30, 348.70274pt x 261.97874pt>
File: 5a2.png Graphic file (type png)
<use 5a2.png>
Package pdftex.def Info: 5a2.png  used on input line 49.
(pdftex.def)             Requested size: 405.875pt x 304.94289pt.
 [4 <C:/IIT MADRAS/COURSE/SECOND YEAR/4TH SEM/EE2703/A4/Assignment solution/Lat
ex/3b2.png> <C:/IIT MADRAS/COURSE/SECOND YEAR/4TH SEM/EE2703/A4/Assignment solu
tion/Latex/5a1.png>]
<5b1.png, id=37, 353.52075pt x 260.172pt>
File: 5b1.png Graphic file (type png)
<use 5b1.png>
Package pdftex.def Info: 5b1.png  used on input line 51.
(pdftex.def)             Requested size: 405.875pt x 298.71509pt.
<5b2.png, id=38, 352.9185pt x 257.763pt>
File: 5b2.png Graphic file (type png)
<use 5b2.png>
Package pdftex.def Info: 5b2.png  used on input line 53.
(pdftex.def)             Requested size: 405.875pt x 296.44875pt.
 [5 <C:/IIT MADRAS/COURSE/SECOND YEAR/4TH SEM/EE2703/A4/Assignment solution/Lat
ex/5a2.png> <C:/IIT MADRAS/COURSE/SECOND YEAR/4TH SEM/EE2703/A4/Assignment solu
tion/Latex/5b1.png>]
<7a.png, id=44, 462.528pt x 346.896pt>
File: 7a.png Graphic file (type png)
<use 7a.png>
Package pdftex.def Info: 7a.png  used on input line 71.
(pdftex.def)             Requested size: 405.875pt x 304.4225pt.
<7b.png, id=45, 462.528pt x 346.896pt>
File: 7b.png Graphic file (type png)
<use 7b.png>
Package pdftex.def Info: 7b.png  used on input line 74.
(pdftex.def)             Requested size: 405.875pt x 304.4225pt.

[6 <C:/IIT MADRAS/COURSE/SECOND YEAR/4TH SEM/EE2703/A4/Assignment solution/Late
x/5b2.png> <C:/IIT MADRAS/COURSE/SECOND YEAR/4TH SEM/EE2703/A4/Assignment solut
ion/Latex/7a.png>])
*
! Emergency stop.
<*> 
    
End of file on the terminal!

 
Here is how much of TeX's memory you used:
 4070 strings out of 478659
 62215 string characters out of 2845920
 367632 words of memory out of 3000000
 22155 multiletter control sequences out of 15000+600000
 408198 words of font info for 44 fonts, out of 8000000 for 9000
 1141 hyphenation exceptions out of 8191
 55i,6n,62p,319b,261s stack positions out of 5000i,500n,10000p,200000b,80000s
!  ==> Fatal error occurred, no output PDF file produced!
